<?xml version="1.0" encoding="UTF-8"?>
<!-- Generated by org.testng.reporters.JUnitXMLReporter -->
<testsuite hostname="hp" ignored="0" name="Test" tests="1" failures="0" timestamp="05 Aug 2017 11:24:35 GMT" time="0.065" errors="0">
  <testcase name="@BeforeClass beforeClass" time="0.013" classname="com.testcases.NewTest">
    <failure type="java.lang.NullPointerException">
      <![CDATA[java.lang.NullPointerException
	at com.testcases.NewTest.beforeClass(NewTest.java:18)
... Removed 25 stack frames]]>
    </failure>
  </testcase> <!-- @BeforeClass beforeClass -->
  <testcase name="@AfterClass afterClass" time="0.0" classname="com.testcases.NewTest">
    <skipped/>
  </testcase> <!-- @AfterClass afterClass -->
  <testcase name="logintest" time="0.001" classname="com.testcases.NewTest">
    <skipped/>
  </testcase> <!-- logintest -->
</testsuite> <!-- Test -->
